#! /usr/bin/vvp
:ivl_version "12.0 (stable)";
:ivl_delay_selection "TYPICAL";
:vpi_time_precision - 12;
:vpi_module "/usr/lib/x86_64-linux-gnu/ivl/system.vpi";
:vpi_module "/usr/lib/x86_64-linux-gnu/ivl/vhdl_sys.vpi";
:vpi_module "/usr/lib/x86_64-linux-gnu/ivl/vhdl_textio.vpi";
:vpi_module "/usr/lib/x86_64-linux-gnu/ivl/v2005_math.vpi";
:vpi_module "/usr/lib/x86_64-linux-gnu/ivl/va_math.vpi";
S_0x56af29d34f20 .scope module, "riscv_cpu" "riscv_cpu" 2 3;
 .timescale -9 -12;
    .port_info 0 /INPUT 1 "clk";
    .port_info 1 /INPUT 1 "rst";
o0x730404507018 .functor BUFZ 1, C4<z>; HiZ drive
v0x56af29d358e0_0 .net "clk", 0 0, o0x730404507018;  0 drivers
o0x730404507048 .functor BUFZ 1, C4<z>; HiZ drive
v0x56af29d57d80_0 .net "rst", 0 0, o0x730404507048;  0 drivers
# The file index is used to find the file name in the following table.
:file_names 3;
    "N/A";
    "<interactive>";
    "rtl/riscv_cpu.v";
